{
"contracts/NftMarketplace.sol":{"l":{"49":13,"50":13,"51":1,"53":12,"61":17,"62":17,"63":17,"64":3,"66":14,"70":9,"71":9,"72":3,"74":6,"82":11,"83":0,"85":11,"86":11,"87":1,"89":10,"90":10,"98":3,"99":3,"100":1,"102":2,"103":2,"104":2,"105":2,"113":1,"114":1,"122":1,"123":1,"127":2,"128":2,"129":1,"131":1,"132":1,"133":1,"134":0,"143":3,"147":2},"path":"/Users/janbieniek/Desktop/Web3-fullstack/nextjs-nft/contracts/NftMarketplace.sol","s":{"1":13,"2":13,"3":17,"4":17,"5":17,"6":9,"7":9,"8":11,"9":11,"10":11,"11":10,"12":3,"13":3,"14":2,"15":2,"16":1,"17":1,"18":2,"19":2,"20":1,"21":1,"22":3,"23":2},"b":{"1":[1,12],"2":[3,14],"3":[3,6],"4":[12,1],"5":[11,1],"6":[0,11],"7":[1,10],"8":[3,1],"9":[1,2],"10":[2,1],"11":[1,1],"12":[2,1],"13":[1,1],"14":[1,1],"15":[0,1]},"f":{"1":13,"2":17,"3":9,"4":11,"5":3,"6":1,"7":1,"8":2,"9":3,"10":2},"fnMap":{"1":{"name":"notListed","line":44,"loc":{"start":{"line":44,"column":4},"end":{"line":54,"column":4}}},"2":{"name":"isOwner","line":56,"loc":{"start":{"line":56,"column":4},"end":{"line":67,"column":4}}},"3":{"name":"isListed","line":69,"loc":{"start":{"line":69,"column":4},"end":{"line":75,"column":4}}},"4":{"name":"listItem","line":81,"loc":{"start":{"line":77,"column":4},"end":{"line":91,"column":4}}},"5":{"name":"buyItem","line":96,"loc":{"start":{"line":93,"column":4},"end":{"line":106,"column":4}}},"6":{"name":"cancelListing","line":111,"loc":{"start":{"line":108,"column":4},"end":{"line":115,"column":4}}},"7":{"name":"updateListing","line":121,"loc":{"start":{"line":117,"column":4},"end":{"line":124,"column":4}}},"8":{"name":"withdrawProceeds","line":126,"loc":{"start":{"line":126,"column":4},"end":{"line":136,"column":4}}},"9":{"name":"getListing","line":138,"loc":{"start":{"line":138,"column":4},"end":{"line":144,"column":4}}},"10":{"name":"getProceeds","line":146,"loc":{"start":{"line":146,"column":4},"end":{"line":148,"column":4}}}},"statementMap":{"1":{"start":{"line":49,"column":8},"end":{"line":49,"column":64}},"2":{"start":{"line":50,"column":8},"end":{"line":50,"column":1455}},"3":{"start":{"line":61,"column":8},"end":{"line":61,"column":41}},"4":{"start":{"line":62,"column":8},"end":{"line":62,"column":44}},"5":{"start":{"line":63,"column":8},"end":{"line":63,"column":1783}},"6":{"start":{"line":70,"column":8},"end":{"line":70,"column":64}},"7":{"start":{"line":71,"column":8},"end":{"line":71,"column":2017}},"8":{"start":{"line":82,"column":8},"end":{"line":82,"column":2345}},"9":{"start":{"line":85,"column":8},"end":{"line":85,"column":41}},"10":{"start":{"line":86,"column":8},"end":{"line":86,"column":2483}},"11":{"start":{"line":90,"column":8},"end":{"line":90,"column":63}},"12":{"start":{"line":98,"column":8},"end":{"line":98,"column":67}},"13":{"start":{"line":99,"column":8},"end":{"line":99,"column":2960}},"14":{"start":{"line":104,"column":8},"end":{"line":104,"column":83}},"15":{"start":{"line":105,"column":8},"end":{"line":105,"column":74}},"16":{"start":{"line":114,"column":8},"end":{"line":114,"column":59}},"17":{"start":{"line":123,"column":8},"end":{"line":123,"column":66}},"18":{"start":{"line":127,"column":8},"end":{"line":127,"column":49}},"19":{"start":{"line":128,"column":8},"end":{"line":128,"column":4098}},"20":{"start":{"line":132,"column":8},"end":{"line":132,"column":72}},"21":{"start":{"line":133,"column":8},"end":{"line":133,"column":4296}},"22":{"start":{"line":143,"column":8},"end":{"line":143,"column":46}},"23":{"start":{"line":147,"column":8},"end":{"line":147,"column":33}}},"branchMap":{"1":{"line":50,"type":"if","locations":[{"start":{"line":50,"column":8},"end":{"line":50,"column":8}},{"start":{"line":50,"column":8},"end":{"line":50,"column":8}}]},"2":{"line":63,"type":"if","locations":[{"start":{"line":63,"column":8},"end":{"line":63,"column":8}},{"start":{"line":63,"column":8},"end":{"line":63,"column":8}}]},"3":{"line":71,"type":"if","locations":[{"start":{"line":71,"column":8},"end":{"line":71,"column":8}},{"start":{"line":71,"column":8},"end":{"line":71,"column":8}}]},"4":{"line":81,"type":"if","locations":[{"start":{"line":81,"column":15},"end":{"line":81,"column":15}},{"start":{"line":81,"column":15},"end":{"line":81,"column":15}}]},"5":{"line":81,"type":"if","locations":[{"start":{"line":81,"column":58},"end":{"line":81,"column":58}},{"start":{"line":81,"column":58},"end":{"line":81,"column":58}}]},"6":{"line":82,"type":"if","locations":[{"start":{"line":82,"column":8},"end":{"line":82,"column":8}},{"start":{"line":82,"column":8},"end":{"line":82,"column":8}}]},"7":{"line":86,"type":"if","locations":[{"start":{"line":86,"column":8},"end":{"line":86,"column":8}},{"start":{"line":86,"column":8},"end":{"line":86,"column":8}}]},"8":{"line":96,"type":"if","locations":[{"start":{"line":96,"column":8},"end":{"line":96,"column":8}},{"start":{"line":96,"column":8},"end":{"line":96,"column":8}}]},"9":{"line":99,"type":"if","locations":[{"start":{"line":99,"column":8},"end":{"line":99,"column":8}},{"start":{"line":99,"column":8},"end":{"line":99,"column":8}}]},"10":{"line":110,"type":"if","locations":[{"start":{"line":110,"column":8},"end":{"line":110,"column":8}},{"start":{"line":110,"column":8},"end":{"line":110,"column":8}}]},"11":{"line":111,"type":"if","locations":[{"start":{"line":111,"column":8},"end":{"line":111,"column":8}},{"start":{"line":111,"column":8},"end":{"line":111,"column":8}}]},"12":{"line":121,"type":"if","locations":[{"start":{"line":121,"column":15},"end":{"line":121,"column":15}},{"start":{"line":121,"column":15},"end":{"line":121,"column":15}}]},"13":{"line":121,"type":"if","locations":[{"start":{"line":121,"column":45},"end":{"line":121,"column":45}},{"start":{"line":121,"column":45},"end":{"line":121,"column":45}}]},"14":{"line":128,"type":"if","locations":[{"start":{"line":128,"column":8},"end":{"line":128,"column":8}},{"start":{"line":128,"column":8},"end":{"line":128,"column":8}}]},"15":{"line":133,"type":"if","locations":[{"start":{"line":133,"column":8},"end":{"line":133,"column":8}},{"start":{"line":133,"column":8},"end":{"line":133,"column":8}}]}}},
"contracts/test/BasicNft.sol":{"l":{"14":3,"18":15,"19":15,"20":15,"24":0,"25":0,"29":0},"path":"/Users/janbieniek/Desktop/Web3-fullstack/nextjs-nft/contracts/test/BasicNft.sol","s":{"1":15,"2":15,"3":0,"4":0,"5":0},"b":{"1":[0,0]},"f":{"1":3,"2":15,"3":0,"4":0},"fnMap":{"1":{"name":"constructor","line":13,"loc":{"start":{"line":13,"column":4},"end":{"line":15,"column":4}}},"2":{"name":"mintNft","line":17,"loc":{"start":{"line":17,"column":4},"end":{"line":21,"column":4}}},"3":{"name":"tokenURI","line":23,"loc":{"start":{"line":23,"column":4},"end":{"line":26,"column":4}}},"4":{"name":"getTokenCounter","line":28,"loc":{"start":{"line":28,"column":4},"end":{"line":30,"column":4}}}},"statementMap":{"1":{"start":{"line":18,"column":8},"end":{"line":18,"column":44}},"2":{"start":{"line":19,"column":8},"end":{"line":19,"column":38}},"3":{"start":{"line":24,"column":8},"end":{"line":24,"column":83}},"4":{"start":{"line":25,"column":8},"end":{"line":25,"column":24}},"5":{"start":{"line":29,"column":8},"end":{"line":29,"column":29}}},"branchMap":{"1":{"line":24,"type":"if","locations":[{"start":{"line":24,"column":8},"end":{"line":24,"column":8}},{"start":{"line":24,"column":8},"end":{"line":24,"column":8}}]}}},
"contracts/test/BasicNftTwo.sol":{"l":{"13":3,"17":0,"18":0,"19":0,"23":0,"24":0,"28":0},"path":"/Users/janbieniek/Desktop/Web3-fullstack/nextjs-nft/contracts/test/BasicNftTwo.sol","s":{"1":0,"2":0,"3":0,"4":0,"5":0},"b":{"1":[0,0]},"f":{"1":3,"2":0,"3":0,"4":0},"fnMap":{"1":{"name":"constructor","line":12,"loc":{"start":{"line":12,"column":4},"end":{"line":14,"column":4}}},"2":{"name":"mintNft","line":16,"loc":{"start":{"line":16,"column":4},"end":{"line":20,"column":4}}},"3":{"name":"tokenURI","line":22,"loc":{"start":{"line":22,"column":4},"end":{"line":25,"column":4}}},"4":{"name":"getTokenCounter","line":27,"loc":{"start":{"line":27,"column":4},"end":{"line":29,"column":4}}}},"statementMap":{"1":{"start":{"line":17,"column":8},"end":{"line":17,"column":44}},"2":{"start":{"line":18,"column":8},"end":{"line":18,"column":38}},"3":{"start":{"line":23,"column":8},"end":{"line":23,"column":83}},"4":{"start":{"line":24,"column":8},"end":{"line":24,"column":24}},"5":{"start":{"line":28,"column":8},"end":{"line":28,"column":29}}},"branchMap":{"1":{"line":23,"type":"if","locations":[{"start":{"line":23,"column":8},"end":{"line":23,"column":8}},{"start":{"line":23,"column":8},"end":{"line":23,"column":8}}]}}}}
