TN:
SF:/Users/janbieniek/Desktop/Web3-fullstack/nextjs-nft/contracts/NftMarketplace.sol
FN:44,notListed
FN:56,isOwner
FN:69,isListed
FN:81,listItem
FN:96,buyItem
FN:111,cancelListing
FN:121,updateListing
FN:126,withdrawProceeds
FN:138,getListing
FN:146,getProceeds
FNF:10
FNH:10
FNDA:13,notListed
FNDA:17,isOwner
FNDA:9,isListed
FNDA:11,listItem
FNDA:3,buyItem
FNDA:1,cancelListing
FNDA:1,updateListing
FNDA:2,withdrawProceeds
FNDA:3,getListing
FNDA:2,getProceeds
DA:49,13
DA:50,13
DA:51,1
DA:53,12
DA:61,17
DA:62,17
DA:63,17
DA:64,3
DA:66,14
DA:70,9
DA:71,9
DA:72,3
DA:74,6
DA:82,11
DA:83,0
DA:85,11
DA:86,11
DA:87,1
DA:89,10
DA:90,10
DA:98,3
DA:99,3
DA:100,1
DA:102,2
DA:103,2
DA:104,2
DA:105,2
DA:113,1
DA:114,1
DA:122,1
DA:123,1
DA:127,2
DA:128,2
DA:129,1
DA:131,1
DA:132,1
DA:133,1
DA:134,0
DA:143,3
DA:147,2
LF:40
LH:38
BRDA:50,1,0,1
BRDA:50,1,1,12
BRDA:63,2,0,3
BRDA:63,2,1,14
BRDA:71,3,0,3
BRDA:71,3,1,6
BRDA:81,4,0,12
BRDA:81,4,1,1
BRDA:81,5,0,11
BRDA:81,5,1,1
BRDA:82,6,0,0
BRDA:82,6,1,11
BRDA:86,7,0,1
BRDA:86,7,1,10
BRDA:96,8,0,3
BRDA:96,8,1,1
BRDA:99,9,0,1
BRDA:99,9,1,2
BRDA:110,10,0,2
BRDA:110,10,1,1
BRDA:111,11,0,1
BRDA:111,11,1,1
BRDA:121,12,0,2
BRDA:121,12,1,1
BRDA:121,13,0,1
BRDA:121,13,1,1
BRDA:128,14,0,1
BRDA:128,14,1,1
BRDA:133,15,0,0
BRDA:133,15,1,1
BRF:30
BRH:28
end_of_record
TN:
SF:/Users/janbieniek/Desktop/Web3-fullstack/nextjs-nft/contracts/test/BasicNft.sol
FN:13,constructor
FN:17,mintNft
FN:23,tokenURI
FN:28,getTokenCounter
FNF:4
FNH:2
FNDA:3,constructor
FNDA:15,mintNft
FNDA:0,tokenURI
FNDA:0,getTokenCounter
DA:14,3
DA:18,15
DA:19,15
DA:20,15
DA:24,0
DA:25,0
DA:29,0
LF:7
LH:4
BRDA:24,1,0,0
BRDA:24,1,1,0
BRF:2
BRH:0
end_of_record
TN:
SF:/Users/janbieniek/Desktop/Web3-fullstack/nextjs-nft/contracts/test/BasicNftTwo.sol
FN:12,constructor
FN:16,mintNft
FN:22,tokenURI
FN:27,getTokenCounter
FNF:4
FNH:1
FNDA:3,constructor
FNDA:0,mintNft
FNDA:0,tokenURI
FNDA:0,getTokenCounter
DA:13,3
DA:17,0
DA:18,0
DA:19,0
DA:23,0
DA:24,0
DA:28,0
LF:7
LH:1
BRDA:23,1,0,0
BRDA:23,1,1,0
BRF:2
BRH:0
end_of_record
